<?xml version="1.0" encoding="UTF-8"?>
<testng-results ignored="0" total="1" passed="1" failed="0" skipped="0">
  <reporter-output>
  </reporter-output>
  <suite started-at="2023-10-28T14:35:35 EET" name="Default suite" finished-at="2023-10-28T14:35:35 EET" duration-ms="74">
    <groups>
    </groups>
    <test started-at="2023-10-28T14:35:35 EET" name="Default test" finished-at="2023-10-28T14:35:35 EET" duration-ms="74">
      <class name="runner.TestRunner">
        <test-method is-config="true" signature="inititialize()[pri:0, instance:runner.TestRunner@662ac478]" started-at="2023-10-28T14:35:30 EET" name="inititialize" finished-at="2023-10-28T14:35:35 EET" duration-ms="4127" status="PASS">
          <reporter-output>
          </reporter-output>
        </test-method> <!-- inititialize -->
        <test-method signature="assertCurrebtURL()[pri:0, instance:runner.TestRunner@662ac478]" started-at="2023-10-28T14:35:35 EET" name="assertCurrebtURL" finished-at="2023-10-28T14:35:35 EET" duration-ms="20" status="PASS">
          <reporter-output>
          </reporter-output>
        </test-method> <!-- assertCurrebtURL -->
        <test-method is-config="true" signature="takeScreenOnFailor(org.testng.ITestResult)[pri:0, instance:runner.TestRunner@662ac478]" started-at="2023-10-28T14:35:35 EET" name="takeScreenOnFailor" finished-at="2023-10-28T14:35:35 EET" duration-ms="3" status="PASS">
          <params>
            <param index="0">
              <value>
                <![CDATA[[TestResult name=assertCurrebtURL status=SUCCESS method=BaseTest.assertCurrebtURL()[pri:0, instance:runner.TestRunner@662ac478] output={null}]]]>
              </value>
            </param>
          </params>
          <reporter-output>
          </reporter-output>
        </test-method> <!-- takeScreenOnFailor -->
        <test-method is-config="true" signature="quiteAll()[pri:0, instance:runner.TestRunner@662ac478]" started-at="2023-10-28T14:35:35 EET" name="quiteAll" finished-at="2023-10-28T14:35:35 EET" duration-ms="112" status="PASS">
          <reporter-output>
          </reporter-output>
        </test-method> <!-- quiteAll -->
      </class> <!-- runner.TestRunner -->
    </test> <!-- Default test -->
  </suite> <!-- Default suite -->
</testng-results>
